<?xml version="1.0" encoding="UTF-8"?>
<testng-results ignored="0" total="5" passed="1" failed="4" skipped="0">
  <reporter-output>
  </reporter-output>
  <suite started-at="2026-01-28T15:17:57 IST" name="Suite" finished-at="2026-01-28T15:18:32 IST" duration-ms="34572">
    <groups>
    </groups>
    <test started-at="2026-01-28T15:17:57 IST" name="Test" finished-at="2026-01-28T15:18:32 IST" duration-ms="34572">
      <class name="packagename.SampleMavenProject.TestCase4_AddToCart">
        <test-method is-config="true" signature="launchBrowser()[pri:0, instance:packagename.SampleMavenProject.TestCase4_AddToCart@6b927fb]" started-at="2026-01-28T15:18:27 IST" name="launchBrowser" finished-at="2026-01-28T15:18:32 IST" duration-ms="4468" status="PASS">
          <reporter-output>
          </reporter-output>
        </test-method> <!-- launchBrowser -->
        <test-method signature="addProductToCart()[pri:0, instance:packagename.SampleMavenProject.TestCase4_AddToCart@6b927fb]" started-at="2026-01-28T15:18:32 IST" name="addProductToCart" finished-at="2026-01-28T15:18:32 IST" duration-ms="39" status="FAIL">
          <exception class="org.openqa.selenium.json.JsonException">
            <message>
              <![CDATA[java.lang.reflect.InvocationTargetException
Build info: version: '4.33.0', revision: '2c6aaad03a'
System info: os.name: 'Windows 11', os.arch: 'amd64', os.version: '10.0', java.version: '21.0.7'
Driver info: org.openqa.selenium.chrome.ChromeDriver
Command: [a4cece605b3284ac8905bed60e743d2f, actions {actions=[org.openqa.selenium.interactions.Sequence@7561db12]}]
Capabilities {acceptInsecureCerts: false, browserName: chrome, browserVersion: 144.0.7559.97, chrome: {chromedriverVersion: 144.0.7559.109 (6a8d5e49388..., userDataDir: C:\Users\sujit\AppData\Loca...}, fedcm:accounts: true, goog:chromeOptions: {debuggerAddress: localhost:60043}, goog:processID: 9760, networkConnectionEnabled: false, pageLoadStrategy: normal, platformName: windows, proxy: Proxy(), se:cdp: ws://localhost:60043/devtoo..., se:cdpVersion: 144.0.7559.97, setWindowRect: true, strictFileInteractability: false, timeouts: {implicit: 0, pageLoad: 300000, script: 30000}, unhandledPromptBehavior: dismiss and notify, webauthn:extension:credBlob: true, webauthn:extension:largeBlob: true, webauthn:extension:minPinLength: true, webauthn:extension:prf: true, webauthn:virtualAuthenticators: true}
Session ID: a4cece605b3284ac8905bed60e743d2f]]>
            </message>
            <full-stacktrace>
              <![CDATA[org.openqa.selenium.json.JsonException: java.lang.reflect.InvocationTargetException
Build info: version: '4.33.0', revision: '2c6aaad03a'
System info: os.name: 'Windows 11', os.arch: 'amd64', os.version: '10.0', java.version: '21.0.7'
Driver info: org.openqa.selenium.chrome.ChromeDriver
Command: [a4cece605b3284ac8905bed60e743d2f, actions {actions=[org.openqa.selenium.interactions.Sequence@7561db12]}]
Capabilities {acceptInsecureCerts: false, browserName: chrome, browserVersion: 144.0.7559.97, chrome: {chromedriverVersion: 144.0.7559.109 (6a8d5e49388..., userDataDir: C:\Users\sujit\AppData\Loca...}, fedcm:accounts: true, goog:chromeOptions: {debuggerAddress: localhost:60043}, goog:processID: 9760, networkConnectionEnabled: false, pageLoadStrategy: normal, platformName: windows, proxy: Proxy(), se:cdp: ws://localhost:60043/devtoo..., se:cdpVersion: 144.0.7559.97, setWindowRect: true, strictFileInteractability: false, timeouts: {implicit: 0, pageLoad: 300000, script: 30000}, unhandledPromptBehavior: dismiss and notify, webauthn:extension:credBlob: true, webauthn:extension:largeBlob: true, webauthn:extension:minPinLength: true, webauthn:extension:prf: true, webauthn:virtualAuthenticators: true}
Session ID: a4cece605b3284ac8905bed60e743d2f
at org.openqa.selenium.json.JsonOutput.convertUsingMethod(JsonOutput.java:520)
at org.openqa.selenium.json.JsonOutput.lambda$new$16(JsonOutput.java:182)
at org.openqa.selenium.json.JsonOutput.write0(JsonOutput.java:409)
at org.openqa.selenium.json.JsonOutput.lambda$new$22(JsonOutput.java:204)
at java.base/java.util.stream.ForEachOps$ForEachOp$OfRef.accept(ForEachOps.java:184)
at java.base/java.util.stream.ReferencePipeline$2$1.accept(ReferencePipeline.java:179)
at java.base/java.util.Iterator.forEachRemaining(Iterator.java:133)
at java.base/java.util.Spliterators$IteratorSpliterator.forEachRemaining(Spliterators.java:1939)
at java.base/java.util.stream.AbstractPipeline.copyInto(AbstractPipeline.java:509)
at java.base/java.util.stream.AbstractPipeline.wrapAndCopyInto(AbstractPipeline.java:499)
at java.base/java.util.stream.ForEachOps$ForEachOp.evaluateSequential(ForEachOps.java:151)
at java.base/java.util.stream.ForEachOps$ForEachOp$OfRef.evaluateSequential(ForEachOps.java:174)
at java.base/java.util.stream.AbstractPipeline.evaluate(AbstractPipeline.java:234)
at java.base/java.util.stream.ReferencePipeline.forEach(ReferencePipeline.java:596)
at org.openqa.selenium.json.JsonOutput.lambda$new$23(JsonOutput.java:204)
at org.openqa.selenium.json.JsonOutput.write0(JsonOutput.java:409)
at org.openqa.selenium.json.JsonOutput.lambda$new$24(JsonOutput.java:222)
at java.base/java.util.Map.forEach(Map.java:733)
at org.openqa.selenium.json.JsonOutput.lambda$new$25(JsonOutput.java:217)
at org.openqa.selenium.json.JsonOutput.write0(JsonOutput.java:409)
at org.openqa.selenium.json.JsonOutput.write(JsonOutput.java:400)
at org.openqa.selenium.json.Json.toJson(Json.java:133)
at org.openqa.selenium.json.Json.toJson(Json.java:119)
at org.openqa.selenium.remote.codec.AbstractHttpCommandCodec.encode(AbstractHttpCommandCodec.java:236)
at org.openqa.selenium.remote.codec.AbstractHttpCommandCodec.encode(AbstractHttpCommandCodec.java:109)
at org.openqa.selenium.remote.HttpCommandExecutor.execute(HttpCommandExecutor.java:203)
at org.openqa.selenium.remote.service.DriverCommandExecutor.invokeExecute(DriverCommandExecutor.java:216)
at org.openqa.selenium.remote.service.DriverCommandExecutor.execute(DriverCommandExecutor.java:174)
at org.openqa.selenium.remote.RemoteWebDriver.execute(RemoteWebDriver.java:544)
at org.openqa.selenium.remote.RemoteWebDriver.perform(RemoteWebDriver.java:630)
at org.openqa.selenium.interactions.Actions$BuiltAction.perform(Actions.java:616)
at org.openqa.selenium.interactions.Actions.perform(Actions.java:581)
at packagename.SampleMavenProject.HomePage.hoverOverAccountAndList(HomePage.java:25)
at packagename.SampleMavenProject.TestCase4_AddToCart.addProductToCart(TestCase4_AddToCart.java:12)
at java.base/jdk.internal.reflect.DirectMethodHandleAccessor.invoke(DirectMethodHandleAccessor.java:103)
at java.base/java.lang.reflect.Method.invoke(Method.java:580)
at org.testng.internal.invokers.MethodInvocationHelper.invokeMethod(MethodInvocationHelper.java:141)
at org.testng.internal.invokers.TestInvoker.invokeMethod(TestInvoker.java:686)
at org.testng.internal.invokers.TestInvoker.invokeTestMethod(TestInvoker.java:230)
at org.testng.internal.invokers.MethodRunner.runInSequence(MethodRunner.java:63)
at org.testng.internal.invokers.TestInvoker$MethodInvocationAgent.invoke(TestInvoker.java:992)
at org.testng.internal.invokers.TestInvoker.invokeTestMethods(TestInvoker.java:203)
at org.testng.internal.invokers.TestMethodWorker.invokeTestMethods(TestMethodWorker.java:154)
at org.testng.internal.invokers.TestMethodWorker.run(TestMethodWorker.java:134)
at java.base/java.util.ArrayList.forEach(ArrayList.java:1596)
at org.testng.TestRunner.privateRun(TestRunner.java:739)
at org.testng.TestRunner.run(TestRunner.java:614)
at org.testng.SuiteRunner.runTest(SuiteRunner.java:421)
at org.testng.SuiteRunner.runSequentially(SuiteRunner.java:413)
at org.testng.SuiteRunner.privateRun(SuiteRunner.java:373)
at org.testng.SuiteRunner.run(SuiteRunner.java:312)
at org.testng.SuiteRunnerWorker.runSuite(SuiteRunnerWorker.java:52)
at org.testng.SuiteRunnerWorker.run(SuiteRunnerWorker.java:95)
at org.testng.TestNG.runSuitesSequentially(TestNG.java:1274)
at org.testng.TestNG.runSuitesLocally(TestNG.java:1208)
at org.testng.TestNG.runSuites(TestNG.java:1112)
at org.testng.TestNG.run(TestNG.java:1079)
at org.apache.maven.surefire.testng.TestNGExecutor.run(TestNGExecutor.java:308)
at org.apache.maven.surefire.testng.TestNGXmlTestSuite.execute(TestNGXmlTestSuite.java:71)
at org.apache.maven.surefire.testng.TestNGProvider.invoke(TestNGProvider.java:113)
at org.apache.maven.surefire.booter.ForkedBooter.runSuitesInProcess(ForkedBooter.java:385)
at org.apache.maven.surefire.booter.ForkedBooter.execute(ForkedBooter.java:162)
at org.apache.maven.surefire.booter.ForkedBooter.run(ForkedBooter.java:507)
at org.apache.maven.surefire.booter.ForkedBooter.main(ForkedBooter.java:495)
Suppressed: org.openqa.selenium.json.JsonException: Attempting to close incomplete json stream
Build info: version: '4.33.0', revision: '2c6aaad03a'
System info: os.name: 'Windows 11', os.arch: 'amd64', os.version: '10.0', java.version: '21.0.7'
Driver info: driver.version: RemoteWebDriver
at org.openqa.selenium.json.JsonOutput.close(JsonOutput.java:431)
at org.openqa.selenium.json.Json.toJson(Json.java:131)
... 42 more
Caused by: java.lang.reflect.InvocationTargetException
at java.base/jdk.internal.reflect.DirectMethodHandleAccessor.invoke(DirectMethodHandleAccessor.java:118)
at java.base/java.lang.reflect.Method.invoke(Method.java:580)
at org.openqa.selenium.json.JsonOutput.convertUsingMethod(JsonOutput.java:516)
... 63 more
Caused by: org.openqa.selenium.NoSuchElementException: no such element: Unable to locate element: {"method":"xpath","selector":"//span[@class='nav-line-2 ']"}
  (Session info: chrome=144.0.7559.97)
For documentation on this error, please visit: https://www.selenium.dev/documentation/webdriver/troubleshooting/errors#no-such-element-exception
Build info: version: '4.33.0', revision: '2c6aaad03a'
System info: os.name: 'Windows 11', os.arch: 'amd64', os.version: '10.0', java.version: '21.0.7'
Driver info: org.openqa.selenium.chrome.ChromeDriver
Command: [a4cece605b3284ac8905bed60e743d2f, findElement {using=xpath, value=//span[@class='nav-line-2 ']}]
Capabilities {acceptInsecureCerts: false, browserName: chrome, browserVersion: 144.0.7559.97, chrome: {chromedriverVersion: 144.0.7559.109 (6a8d5e49388..., userDataDir: C:\Users\sujit\AppData\Loca...}, fedcm:accounts: true, goog:chromeOptions: {debuggerAddress: localhost:60043}, goog:processID: 9760, networkConnectionEnabled: false, pageLoadStrategy: normal, platformName: windows, proxy: Proxy(), se:cdp: ws://localhost:60043/devtoo..., se:cdpVersion: 144.0.7559.97, setWindowRect: true, strictFileInteractability: false, timeouts: {implicit: 0, pageLoad: 300000, script: 30000}, unhandledPromptBehavior: dismiss and notify, webauthn:extension:credBlob: true, webauthn:extension:largeBlob: true, webauthn:extension:minPinLength: true, webauthn:extension:prf: true, webauthn:virtualAuthenticators: true}
Session ID: a4cece605b3284ac8905bed60e743d2f
at java.base/jdk.internal.reflect.DirectConstructorHandleAccessor.newInstance(DirectConstructorHandleAccessor.java:62)
at java.base/java.lang.reflect.Constructor.newInstanceWithCaller(Constructor.java:502)
at java.base/java.lang.reflect.Constructor.newInstance(Constructor.java:486)
at org.openqa.selenium.remote.ErrorCodec.decode(ErrorCodec.java:167)
at org.openqa.selenium.remote.codec.w3c.W3CHttpResponseCodec.decode(W3CHttpResponseCodec.java:138)
at org.openqa.selenium.remote.codec.w3c.W3CHttpResponseCodec.decode(W3CHttpResponseCodec.java:50)
at org.openqa.selenium.remote.HttpCommandExecutor.execute(HttpCommandExecutor.java:215)
at org.openqa.selenium.remote.service.DriverCommandExecutor.invokeExecute(DriverCommandExecutor.java:216)
at org.openqa.selenium.remote.service.DriverCommandExecutor.execute(DriverCommandExecutor.java:174)
at org.openqa.selenium.remote.RemoteWebDriver.execute(RemoteWebDriver.java:544)
at org.openqa.selenium.remote.ElementLocation$ElementFinder$2.findElement(ElementLocation.java:165)
at org.openqa.selenium.remote.ElementLocation.findElement(ElementLocation.java:59)
at org.openqa.selenium.remote.RemoteWebDriver.findElement(RemoteWebDriver.java:367)
at org.openqa.selenium.remote.RemoteWebDriver.findElement(RemoteWebDriver.java:361)
at org.openqa.selenium.support.pagefactory.DefaultElementLocator.findElement(DefaultElementLocator.java:68)
at org.openqa.selenium.support.pagefactory.internal.LocatingElementHandler.invoke(LocatingElementHandler.java:38)
at jdk.proxy2/jdk.proxy2.$Proxy9.getWrappedElement(Unknown Source)
at org.openqa.selenium.interactions.PointerInput$Origin.asArg(PointerInput.java:262)
at org.openqa.selenium.interactions.PointerInput$Move.encode(PointerInput.java:211)
at org.openqa.selenium.interactions.Sequence.encode(Sequence.java:74)
at org.openqa.selenium.interactions.Sequence.toJson(Sequence.java:83)
at java.base/jdk.internal.reflect.DirectMethodHandleAccessor.invoke(DirectMethodHandleAccessor.java:103)
... 65 more
]]>
            </full-stacktrace>
          </exception> <!-- org.openqa.selenium.json.JsonException -->
          <reporter-output>
          </reporter-output>
        </test-method> <!-- addProductToCart -->
        <test-method is-config="true" signature="quitBrowser()[pri:0, instance:packagename.SampleMavenProject.TestCase4_AddToCart@6b927fb]" started-at="2026-01-28T15:18:32 IST" name="quitBrowser" finished-at="2026-01-28T15:18:32 IST" duration-ms="304" status="PASS">
          <reporter-output>
          </reporter-output>
        </test-method> <!-- quitBrowser -->
      </class> <!-- packagename.SampleMavenProject.TestCase4_AddToCart -->
      <class name="packagename.SampleMavenProject.TestCase2_LoginToAmazonAndSearchPRoduct">
        <test-method is-config="true" signature="launchBrowser()[pri:0, instance:packagename.SampleMavenProject.TestCase2_LoginToAmazonAndSearchPRoduct@4466af20]" started-at="2026-01-28T15:18:18 IST" name="launchBrowser" finished-at="2026-01-28T15:18:22 IST" duration-ms="4041" status="PASS">
          <reporter-output>
          </reporter-output>
        </test-method> <!-- launchBrowser -->
        <test-method signature="LoginAndSearchPRoduct()[pri:0, instance:packagename.SampleMavenProject.TestCase2_LoginToAmazonAndSearchPRoduct@4466af20]" started-at="2026-01-28T15:18:22 IST" name="LoginAndSearchPRoduct" finished-at="2026-01-28T15:18:22 IST" duration-ms="135" status="FAIL">
          <exception class="org.openqa.selenium.json.JsonException">
            <message>
              <![CDATA[java.lang.reflect.InvocationTargetException
Build info: version: '4.33.0', revision: '2c6aaad03a'
System info: os.name: 'Windows 11', os.arch: 'amd64', os.version: '10.0', java.version: '21.0.7'
Driver info: org.openqa.selenium.chrome.ChromeDriver
Command: [b89e3b081db0f7679250aa6dd9b5eb3a, actions {actions=[org.openqa.selenium.interactions.Sequence@66ea1466]}]
Capabilities {acceptInsecureCerts: false, browserName: chrome, browserVersion: 144.0.7559.97, chrome: {chromedriverVersion: 144.0.7559.109 (6a8d5e49388..., userDataDir: C:\Users\sujit\AppData\Loca...}, fedcm:accounts: true, goog:chromeOptions: {debuggerAddress: localhost:55406}, goog:processID: 19248, networkConnectionEnabled: false, pageLoadStrategy: normal, platformName: windows, proxy: Proxy(), se:cdp: ws://localhost:55406/devtoo..., se:cdpVersion: 144.0.7559.97, setWindowRect: true, strictFileInteractability: false, timeouts: {implicit: 0, pageLoad: 300000, script: 30000}, unhandledPromptBehavior: dismiss and notify, webauthn:extension:credBlob: true, webauthn:extension:largeBlob: true, webauthn:extension:minPinLength: true, webauthn:extension:prf: true, webauthn:virtualAuthenticators: true}
Session ID: b89e3b081db0f7679250aa6dd9b5eb3a]]>
            </message>
            <full-stacktrace>
              <![CDATA[org.openqa.selenium.json.JsonException: java.lang.reflect.InvocationTargetException
Build info: version: '4.33.0', revision: '2c6aaad03a'
System info: os.name: 'Windows 11', os.arch: 'amd64', os.version: '10.0', java.version: '21.0.7'
Driver info: org.openqa.selenium.chrome.ChromeDriver
Command: [b89e3b081db0f7679250aa6dd9b5eb3a, actions {actions=[org.openqa.selenium.interactions.Sequence@66ea1466]}]
Capabilities {acceptInsecureCerts: false, browserName: chrome, browserVersion: 144.0.7559.97, chrome: {chromedriverVersion: 144.0.7559.109 (6a8d5e49388..., userDataDir: C:\Users\sujit\AppData\Loca...}, fedcm:accounts: true, goog:chromeOptions: {debuggerAddress: localhost:55406}, goog:processID: 19248, networkConnectionEnabled: false, pageLoadStrategy: normal, platformName: windows, proxy: Proxy(), se:cdp: ws://localhost:55406/devtoo..., se:cdpVersion: 144.0.7559.97, setWindowRect: true, strictFileInteractability: false, timeouts: {implicit: 0, pageLoad: 300000, script: 30000}, unhandledPromptBehavior: dismiss and notify, webauthn:extension:credBlob: true, webauthn:extension:largeBlob: true, webauthn:extension:minPinLength: true, webauthn:extension:prf: true, webauthn:virtualAuthenticators: true}
Session ID: b89e3b081db0f7679250aa6dd9b5eb3a
at org.openqa.selenium.json.JsonOutput.convertUsingMethod(JsonOutput.java:520)
at org.openqa.selenium.json.JsonOutput.lambda$new$16(JsonOutput.java:182)
at org.openqa.selenium.json.JsonOutput.write0(JsonOutput.java:409)
at org.openqa.selenium.json.JsonOutput.lambda$new$22(JsonOutput.java:204)
at java.base/java.util.stream.ForEachOps$ForEachOp$OfRef.accept(ForEachOps.java:184)
at java.base/java.util.stream.ReferencePipeline$2$1.accept(ReferencePipeline.java:179)
at java.base/java.util.Iterator.forEachRemaining(Iterator.java:133)
at java.base/java.util.Spliterators$IteratorSpliterator.forEachRemaining(Spliterators.java:1939)
at java.base/java.util.stream.AbstractPipeline.copyInto(AbstractPipeline.java:509)
at java.base/java.util.stream.AbstractPipeline.wrapAndCopyInto(AbstractPipeline.java:499)
at java.base/java.util.stream.ForEachOps$ForEachOp.evaluateSequential(ForEachOps.java:151)
at java.base/java.util.stream.ForEachOps$ForEachOp$OfRef.evaluateSequential(ForEachOps.java:174)
at java.base/java.util.stream.AbstractPipeline.evaluate(AbstractPipeline.java:234)
at java.base/java.util.stream.ReferencePipeline.forEach(ReferencePipeline.java:596)
at org.openqa.selenium.json.JsonOutput.lambda$new$23(JsonOutput.java:204)
at org.openqa.selenium.json.JsonOutput.write0(JsonOutput.java:409)
at org.openqa.selenium.json.JsonOutput.lambda$new$24(JsonOutput.java:222)
at java.base/java.util.Map.forEach(Map.java:733)
at org.openqa.selenium.json.JsonOutput.lambda$new$25(JsonOutput.java:217)
at org.openqa.selenium.json.JsonOutput.write0(JsonOutput.java:409)
at org.openqa.selenium.json.JsonOutput.write(JsonOutput.java:400)
at org.openqa.selenium.json.Json.toJson(Json.java:133)
at org.openqa.selenium.json.Json.toJson(Json.java:119)
at org.openqa.selenium.remote.codec.AbstractHttpCommandCodec.encode(AbstractHttpCommandCodec.java:236)
at org.openqa.selenium.remote.codec.AbstractHttpCommandCodec.encode(AbstractHttpCommandCodec.java:109)
at org.openqa.selenium.remote.HttpCommandExecutor.execute(HttpCommandExecutor.java:203)
at org.openqa.selenium.remote.service.DriverCommandExecutor.invokeExecute(DriverCommandExecutor.java:216)
at org.openqa.selenium.remote.service.DriverCommandExecutor.execute(DriverCommandExecutor.java:174)
at org.openqa.selenium.remote.RemoteWebDriver.execute(RemoteWebDriver.java:544)
at org.openqa.selenium.remote.RemoteWebDriver.perform(RemoteWebDriver.java:630)
at org.openqa.selenium.interactions.Actions$BuiltAction.perform(Actions.java:616)
at org.openqa.selenium.interactions.Actions.perform(Actions.java:581)
at packagename.SampleMavenProject.HomePage.hoverOverAccountAndList(HomePage.java:25)
at packagename.SampleMavenProject.TestCase2_LoginToAmazonAndSearchPRoduct.LoginAndSearchPRoduct(TestCase2_LoginToAmazonAndSearchPRoduct.java:12)
at java.base/jdk.internal.reflect.DirectMethodHandleAccessor.invoke(DirectMethodHandleAccessor.java:103)
at java.base/java.lang.reflect.Method.invoke(Method.java:580)
at org.testng.internal.invokers.MethodInvocationHelper.invokeMethod(MethodInvocationHelper.java:141)
at org.testng.internal.invokers.TestInvoker.invokeMethod(TestInvoker.java:686)
at org.testng.internal.invokers.TestInvoker.invokeTestMethod(TestInvoker.java:230)
at org.testng.internal.invokers.MethodRunner.runInSequence(MethodRunner.java:63)
at org.testng.internal.invokers.TestInvoker$MethodInvocationAgent.invoke(TestInvoker.java:992)
at org.testng.internal.invokers.TestInvoker.invokeTestMethods(TestInvoker.java:203)
at org.testng.internal.invokers.TestMethodWorker.invokeTestMethods(TestMethodWorker.java:154)
at org.testng.internal.invokers.TestMethodWorker.run(TestMethodWorker.java:134)
at java.base/java.util.ArrayList.forEach(ArrayList.java:1596)
at org.testng.TestRunner.privateRun(TestRunner.java:739)
at org.testng.TestRunner.run(TestRunner.java:614)
at org.testng.SuiteRunner.runTest(SuiteRunner.java:421)
at org.testng.SuiteRunner.runSequentially(SuiteRunner.java:413)
at org.testng.SuiteRunner.privateRun(SuiteRunner.java:373)
at org.testng.SuiteRunner.run(SuiteRunner.java:312)
at org.testng.SuiteRunnerWorker.runSuite(SuiteRunnerWorker.java:52)
at org.testng.SuiteRunnerWorker.run(SuiteRunnerWorker.java:95)
at org.testng.TestNG.runSuitesSequentially(TestNG.java:1274)
at org.testng.TestNG.runSuitesLocally(TestNG.java:1208)
at org.testng.TestNG.runSuites(TestNG.java:1112)
at org.testng.TestNG.run(TestNG.java:1079)
at org.apache.maven.surefire.testng.TestNGExecutor.run(TestNGExecutor.java:308)
at org.apache.maven.surefire.testng.TestNGXmlTestSuite.execute(TestNGXmlTestSuite.java:71)
at org.apache.maven.surefire.testng.TestNGProvider.invoke(TestNGProvider.java:113)
at org.apache.maven.surefire.booter.ForkedBooter.runSuitesInProcess(ForkedBooter.java:385)
at org.apache.maven.surefire.booter.ForkedBooter.execute(ForkedBooter.java:162)
at org.apache.maven.surefire.booter.ForkedBooter.run(ForkedBooter.java:507)
at org.apache.maven.surefire.booter.ForkedBooter.main(ForkedBooter.java:495)
Suppressed: org.openqa.selenium.json.JsonException: Attempting to close incomplete json stream
Build info: version: '4.33.0', revision: '2c6aaad03a'
System info: os.name: 'Windows 11', os.arch: 'amd64', os.version: '10.0', java.version: '21.0.7'
Driver info: driver.version: RemoteWebDriver
at org.openqa.selenium.json.JsonOutput.close(JsonOutput.java:431)
at org.openqa.selenium.json.Json.toJson(Json.java:131)
... 42 more
Caused by: java.lang.reflect.InvocationTargetException
at java.base/jdk.internal.reflect.DirectMethodHandleAccessor.invoke(DirectMethodHandleAccessor.java:118)
at java.base/java.lang.reflect.Method.invoke(Method.java:580)
at org.openqa.selenium.json.JsonOutput.convertUsingMethod(JsonOutput.java:516)
... 63 more
Caused by: org.openqa.selenium.NoSuchElementException: no such element: Unable to locate element: {"method":"xpath","selector":"//span[@class='nav-line-2 ']"}
  (Session info: chrome=144.0.7559.97)
For documentation on this error, please visit: https://www.selenium.dev/documentation/webdriver/troubleshooting/errors#no-such-element-exception
Build info: version: '4.33.0', revision: '2c6aaad03a'
System info: os.name: 'Windows 11', os.arch: 'amd64', os.version: '10.0', java.version: '21.0.7'
Driver info: org.openqa.selenium.chrome.ChromeDriver
Command: [b89e3b081db0f7679250aa6dd9b5eb3a, findElement {using=xpath, value=//span[@class='nav-line-2 ']}]
Capabilities {acceptInsecureCerts: false, browserName: chrome, browserVersion: 144.0.7559.97, chrome: {chromedriverVersion: 144.0.7559.109 (6a8d5e49388..., userDataDir: C:\Users\sujit\AppData\Loca...}, fedcm:accounts: true, goog:chromeOptions: {debuggerAddress: localhost:55406}, goog:processID: 19248, networkConnectionEnabled: false, pageLoadStrategy: normal, platformName: windows, proxy: Proxy(), se:cdp: ws://localhost:55406/devtoo..., se:cdpVersion: 144.0.7559.97, setWindowRect: true, strictFileInteractability: false, timeouts: {implicit: 0, pageLoad: 300000, script: 30000}, unhandledPromptBehavior: dismiss and notify, webauthn:extension:credBlob: true, webauthn:extension:largeBlob: true, webauthn:extension:minPinLength: true, webauthn:extension:prf: true, webauthn:virtualAuthenticators: true}
Session ID: b89e3b081db0f7679250aa6dd9b5eb3a
at java.base/jdk.internal.reflect.DirectConstructorHandleAccessor.newInstance(DirectConstructorHandleAccessor.java:62)
at java.base/java.lang.reflect.Constructor.newInstanceWithCaller(Constructor.java:502)
at java.base/java.lang.reflect.Constructor.newInstance(Constructor.java:486)
at org.openqa.selenium.remote.ErrorCodec.decode(ErrorCodec.java:167)
at org.openqa.selenium.remote.codec.w3c.W3CHttpResponseCodec.decode(W3CHttpResponseCodec.java:138)
at org.openqa.selenium.remote.codec.w3c.W3CHttpResponseCodec.decode(W3CHttpResponseCodec.java:50)
at org.openqa.selenium.remote.HttpCommandExecutor.execute(HttpCommandExecutor.java:215)
at org.openqa.selenium.remote.service.DriverCommandExecutor.invokeExecute(DriverCommandExecutor.java:216)
at org.openqa.selenium.remote.service.DriverCommandExecutor.execute(DriverCommandExecutor.java:174)
at org.openqa.selenium.remote.RemoteWebDriver.execute(RemoteWebDriver.java:544)
at org.openqa.selenium.remote.ElementLocation$ElementFinder$2.findElement(ElementLocation.java:165)
at org.openqa.selenium.remote.ElementLocation.findElement(ElementLocation.java:59)
at org.openqa.selenium.remote.RemoteWebDriver.findElement(RemoteWebDriver.java:367)
at org.openqa.selenium.remote.RemoteWebDriver.findElement(RemoteWebDriver.java:361)
at org.openqa.selenium.support.pagefactory.DefaultElementLocator.findElement(DefaultElementLocator.java:68)
at org.openqa.selenium.support.pagefactory.internal.LocatingElementHandler.invoke(LocatingElementHandler.java:38)
at jdk.proxy2/jdk.proxy2.$Proxy9.getWrappedElement(Unknown Source)
at org.openqa.selenium.interactions.PointerInput$Origin.asArg(PointerInput.java:262)
at org.openqa.selenium.interactions.PointerInput$Move.encode(PointerInput.java:211)
at org.openqa.selenium.interactions.Sequence.encode(Sequence.java:74)
at org.openqa.selenium.interactions.Sequence.toJson(Sequence.java:83)
at java.base/jdk.internal.reflect.DirectMethodHandleAccessor.invoke(DirectMethodHandleAccessor.java:103)
... 65 more
]]>
            </full-stacktrace>
          </exception> <!-- org.openqa.selenium.json.JsonException -->
          <reporter-output>
          </reporter-output>
        </test-method> <!-- LoginAndSearchPRoduct -->
        <test-method is-config="true" signature="quitBrowser()[pri:0, instance:packagename.SampleMavenProject.TestCase2_LoginToAmazonAndSearchPRoduct@4466af20]" started-at="2026-01-28T15:18:22 IST" name="quitBrowser" finished-at="2026-01-28T15:18:23 IST" duration-ms="290" status="PASS">
          <reporter-output>
          </reporter-output>
        </test-method> <!-- quitBrowser -->
      </class> <!-- packagename.SampleMavenProject.TestCase2_LoginToAmazonAndSearchPRoduct -->
      <class name="packagename.SampleMavenProject.TestCase5_SearchProductWithoutLogin">
        <test-method is-config="true" signature="launchBrowser()[pri:0, instance:packagename.SampleMavenProject.TestCase5_SearchProductWithoutLogin@50eac852]" started-at="2026-01-28T15:17:58 IST" name="launchBrowser" finished-at="2026-01-28T15:18:05 IST" duration-ms="7792" status="PASS">
          <reporter-output>
          </reporter-output>
        </test-method> <!-- launchBrowser -->
        <test-method signature="searchProductWithoutLogin()[pri:0, instance:packagename.SampleMavenProject.TestCase5_SearchProductWithoutLogin@50eac852]" started-at="2026-01-28T15:18:05 IST" name="searchProductWithoutLogin" finished-at="2026-01-28T15:18:12 IST" duration-ms="6397" status="PASS">
          <reporter-output>
          </reporter-output>
        </test-method> <!-- searchProductWithoutLogin -->
        <test-method is-config="true" signature="quitBrowser()[pri:0, instance:packagename.SampleMavenProject.TestCase5_SearchProductWithoutLogin@50eac852]" started-at="2026-01-28T15:18:12 IST" name="quitBrowser" finished-at="2026-01-28T15:18:12 IST" duration-ms="544" status="PASS">
          <reporter-output>
          </reporter-output>
        </test-method> <!-- quitBrowser -->
      </class> <!-- packagename.SampleMavenProject.TestCase5_SearchProductWithoutLogin -->
      <class name="packagename.SampleMavenProject.TestCase1_HomePage">
        <test-method is-config="true" signature="launchBrowser()[pri:0, instance:packagename.SampleMavenProject.TestCase1_HomePage@4f6ee6e4]" started-at="2026-01-28T15:18:12 IST" name="launchBrowser" finished-at="2026-01-28T15:18:18 IST" duration-ms="5291" status="PASS">
          <reporter-output>
          </reporter-output>
        </test-method> <!-- launchBrowser -->
        <test-method signature="withValidCredentials()[pri:0, instance:packagename.SampleMavenProject.TestCase1_HomePage@4f6ee6e4]" started-at="2026-01-28T15:18:18 IST" name="withValidCredentials" finished-at="2026-01-28T15:18:18 IST" duration-ms="81" status="FAIL">
          <exception class="org.openqa.selenium.json.JsonException">
            <message>
              <![CDATA[java.lang.reflect.InvocationTargetException
Build info: version: '4.33.0', revision: '2c6aaad03a'
System info: os.name: 'Windows 11', os.arch: 'amd64', os.version: '10.0', java.version: '21.0.7'
Driver info: org.openqa.selenium.chrome.ChromeDriver
Command: [88cdae77370cdbe299e1aa0758ef56cd, actions {actions=[org.openqa.selenium.interactions.Sequence@64beebb7]}]
Capabilities {acceptInsecureCerts: false, browserName: chrome, browserVersion: 144.0.7559.97, chrome: {chromedriverVersion: 144.0.7559.109 (6a8d5e49388..., userDataDir: C:\Users\sujit\AppData\Loca...}, fedcm:accounts: true, goog:chromeOptions: {debuggerAddress: localhost:54925}, goog:processID: 32240, networkConnectionEnabled: false, pageLoadStrategy: normal, platformName: windows, proxy: Proxy(), se:cdp: ws://localhost:54925/devtoo..., se:cdpVersion: 144.0.7559.97, setWindowRect: true, strictFileInteractability: false, timeouts: {implicit: 0, pageLoad: 300000, script: 30000}, unhandledPromptBehavior: dismiss and notify, webauthn:extension:credBlob: true, webauthn:extension:largeBlob: true, webauthn:extension:minPinLength: true, webauthn:extension:prf: true, webauthn:virtualAuthenticators: true}
Session ID: 88cdae77370cdbe299e1aa0758ef56cd]]>
            </message>
            <full-stacktrace>
              <![CDATA[org.openqa.selenium.json.JsonException: java.lang.reflect.InvocationTargetException
Build info: version: '4.33.0', revision: '2c6aaad03a'
System info: os.name: 'Windows 11', os.arch: 'amd64', os.version: '10.0', java.version: '21.0.7'
Driver info: org.openqa.selenium.chrome.ChromeDriver
Command: [88cdae77370cdbe299e1aa0758ef56cd, actions {actions=[org.openqa.selenium.interactions.Sequence@64beebb7]}]
Capabilities {acceptInsecureCerts: false, browserName: chrome, browserVersion: 144.0.7559.97, chrome: {chromedriverVersion: 144.0.7559.109 (6a8d5e49388..., userDataDir: C:\Users\sujit\AppData\Loca...}, fedcm:accounts: true, goog:chromeOptions: {debuggerAddress: localhost:54925}, goog:processID: 32240, networkConnectionEnabled: false, pageLoadStrategy: normal, platformName: windows, proxy: Proxy(), se:cdp: ws://localhost:54925/devtoo..., se:cdpVersion: 144.0.7559.97, setWindowRect: true, strictFileInteractability: false, timeouts: {implicit: 0, pageLoad: 300000, script: 30000}, unhandledPromptBehavior: dismiss and notify, webauthn:extension:credBlob: true, webauthn:extension:largeBlob: true, webauthn:extension:minPinLength: true, webauthn:extension:prf: true, webauthn:virtualAuthenticators: true}
Session ID: 88cdae77370cdbe299e1aa0758ef56cd
at org.openqa.selenium.json.JsonOutput.convertUsingMethod(JsonOutput.java:520)
at org.openqa.selenium.json.JsonOutput.lambda$new$16(JsonOutput.java:182)
at org.openqa.selenium.json.JsonOutput.write0(JsonOutput.java:409)
at org.openqa.selenium.json.JsonOutput.lambda$new$22(JsonOutput.java:204)
at java.base/java.util.stream.ForEachOps$ForEachOp$OfRef.accept(ForEachOps.java:184)
at java.base/java.util.stream.ReferencePipeline$2$1.accept(ReferencePipeline.java:179)
at java.base/java.util.Iterator.forEachRemaining(Iterator.java:133)
at java.base/java.util.Spliterators$IteratorSpliterator.forEachRemaining(Spliterators.java:1939)
at java.base/java.util.stream.AbstractPipeline.copyInto(AbstractPipeline.java:509)
at java.base/java.util.stream.AbstractPipeline.wrapAndCopyInto(AbstractPipeline.java:499)
at java.base/java.util.stream.ForEachOps$ForEachOp.evaluateSequential(ForEachOps.java:151)
at java.base/java.util.stream.ForEachOps$ForEachOp$OfRef.evaluateSequential(ForEachOps.java:174)
at java.base/java.util.stream.AbstractPipeline.evaluate(AbstractPipeline.java:234)
at java.base/java.util.stream.ReferencePipeline.forEach(ReferencePipeline.java:596)
at org.openqa.selenium.json.JsonOutput.lambda$new$23(JsonOutput.java:204)
at org.openqa.selenium.json.JsonOutput.write0(JsonOutput.java:409)
at org.openqa.selenium.json.JsonOutput.lambda$new$24(JsonOutput.java:222)
at java.base/java.util.Map.forEach(Map.java:733)
at org.openqa.selenium.json.JsonOutput.lambda$new$25(JsonOutput.java:217)
at org.openqa.selenium.json.JsonOutput.write0(JsonOutput.java:409)
at org.openqa.selenium.json.JsonOutput.write(JsonOutput.java:400)
at org.openqa.selenium.json.Json.toJson(Json.java:133)
at org.openqa.selenium.json.Json.toJson(Json.java:119)
at org.openqa.selenium.remote.codec.AbstractHttpCommandCodec.encode(AbstractHttpCommandCodec.java:236)
at org.openqa.selenium.remote.codec.AbstractHttpCommandCodec.encode(AbstractHttpCommandCodec.java:109)
at org.openqa.selenium.remote.HttpCommandExecutor.execute(HttpCommandExecutor.java:203)
at org.openqa.selenium.remote.service.DriverCommandExecutor.invokeExecute(DriverCommandExecutor.java:216)
at org.openqa.selenium.remote.service.DriverCommandExecutor.execute(DriverCommandExecutor.java:174)
at org.openqa.selenium.remote.RemoteWebDriver.execute(RemoteWebDriver.java:544)
at org.openqa.selenium.remote.RemoteWebDriver.perform(RemoteWebDriver.java:630)
at org.openqa.selenium.interactions.Actions$BuiltAction.perform(Actions.java:616)
at org.openqa.selenium.interactions.Actions.perform(Actions.java:581)
at packagename.SampleMavenProject.HomePage.hoverOverAccountAndList(HomePage.java:25)
at packagename.SampleMavenProject.TestCase1_HomePage.withValidCredentials(TestCase1_HomePage.java:13)
at java.base/jdk.internal.reflect.DirectMethodHandleAccessor.invoke(DirectMethodHandleAccessor.java:103)
at java.base/java.lang.reflect.Method.invoke(Method.java:580)
at org.testng.internal.invokers.MethodInvocationHelper.invokeMethod(MethodInvocationHelper.java:141)
at org.testng.internal.invokers.TestInvoker.invokeMethod(TestInvoker.java:686)
at org.testng.internal.invokers.TestInvoker.invokeTestMethod(TestInvoker.java:230)
at org.testng.internal.invokers.MethodRunner.runInSequence(MethodRunner.java:63)
at org.testng.internal.invokers.TestInvoker$MethodInvocationAgent.invoke(TestInvoker.java:992)
at org.testng.internal.invokers.TestInvoker.invokeTestMethods(TestInvoker.java:203)
at org.testng.internal.invokers.TestMethodWorker.invokeTestMethods(TestMethodWorker.java:154)
at org.testng.internal.invokers.TestMethodWorker.run(TestMethodWorker.java:134)
at java.base/java.util.ArrayList.forEach(ArrayList.java:1596)
at org.testng.TestRunner.privateRun(TestRunner.java:739)
at org.testng.TestRunner.run(TestRunner.java:614)
at org.testng.SuiteRunner.runTest(SuiteRunner.java:421)
at org.testng.SuiteRunner.runSequentially(SuiteRunner.java:413)
at org.testng.SuiteRunner.privateRun(SuiteRunner.java:373)
at org.testng.SuiteRunner.run(SuiteRunner.java:312)
at org.testng.SuiteRunnerWorker.runSuite(SuiteRunnerWorker.java:52)
at org.testng.SuiteRunnerWorker.run(SuiteRunnerWorker.java:95)
at org.testng.TestNG.runSuitesSequentially(TestNG.java:1274)
at org.testng.TestNG.runSuitesLocally(TestNG.java:1208)
at org.testng.TestNG.runSuites(TestNG.java:1112)
at org.testng.TestNG.run(TestNG.java:1079)
at org.apache.maven.surefire.testng.TestNGExecutor.run(TestNGExecutor.java:308)
at org.apache.maven.surefire.testng.TestNGXmlTestSuite.execute(TestNGXmlTestSuite.java:71)
at org.apache.maven.surefire.testng.TestNGProvider.invoke(TestNGProvider.java:113)
at org.apache.maven.surefire.booter.ForkedBooter.runSuitesInProcess(ForkedBooter.java:385)
at org.apache.maven.surefire.booter.ForkedBooter.execute(ForkedBooter.java:162)
at org.apache.maven.surefire.booter.ForkedBooter.run(ForkedBooter.java:507)
at org.apache.maven.surefire.booter.ForkedBooter.main(ForkedBooter.java:495)
Suppressed: org.openqa.selenium.json.JsonException: Attempting to close incomplete json stream
Build info: version: '4.33.0', revision: '2c6aaad03a'
System info: os.name: 'Windows 11', os.arch: 'amd64', os.version: '10.0', java.version: '21.0.7'
Driver info: driver.version: RemoteWebDriver
at org.openqa.selenium.json.JsonOutput.close(JsonOutput.java:431)
at org.openqa.selenium.json.Json.toJson(Json.java:131)
... 42 more
Caused by: java.lang.reflect.InvocationTargetException
at java.base/jdk.internal.reflect.DirectMethodHandleAccessor.invoke(DirectMethodHandleAccessor.java:118)
at java.base/java.lang.reflect.Method.invoke(Method.java:580)
at org.openqa.selenium.json.JsonOutput.convertUsingMethod(JsonOutput.java:516)
... 63 more
Caused by: org.openqa.selenium.NoSuchElementException: no such element: Unable to locate element: {"method":"xpath","selector":"//span[@class='nav-line-2 ']"}
  (Session info: chrome=144.0.7559.97)
For documentation on this error, please visit: https://www.selenium.dev/documentation/webdriver/troubleshooting/errors#no-such-element-exception
Build info: version: '4.33.0', revision: '2c6aaad03a'
System info: os.name: 'Windows 11', os.arch: 'amd64', os.version: '10.0', java.version: '21.0.7'
Driver info: org.openqa.selenium.chrome.ChromeDriver
Command: [88cdae77370cdbe299e1aa0758ef56cd, findElement {using=xpath, value=//span[@class='nav-line-2 ']}]
Capabilities {acceptInsecureCerts: false, browserName: chrome, browserVersion: 144.0.7559.97, chrome: {chromedriverVersion: 144.0.7559.109 (6a8d5e49388..., userDataDir: C:\Users\sujit\AppData\Loca...}, fedcm:accounts: true, goog:chromeOptions: {debuggerAddress: localhost:54925}, goog:processID: 32240, networkConnectionEnabled: false, pageLoadStrategy: normal, platformName: windows, proxy: Proxy(), se:cdp: ws://localhost:54925/devtoo..., se:cdpVersion: 144.0.7559.97, setWindowRect: true, strictFileInteractability: false, timeouts: {implicit: 0, pageLoad: 300000, script: 30000}, unhandledPromptBehavior: dismiss and notify, webauthn:extension:credBlob: true, webauthn:extension:largeBlob: true, webauthn:extension:minPinLength: true, webauthn:extension:prf: true, webauthn:virtualAuthenticators: true}
Session ID: 88cdae77370cdbe299e1aa0758ef56cd
at java.base/jdk.internal.reflect.DirectConstructorHandleAccessor.newInstance(DirectConstructorHandleAccessor.java:62)
at java.base/java.lang.reflect.Constructor.newInstanceWithCaller(Constructor.java:502)
at java.base/java.lang.reflect.Constructor.newInstance(Constructor.java:486)
at org.openqa.selenium.remote.ErrorCodec.decode(ErrorCodec.java:167)
at org.openqa.selenium.remote.codec.w3c.W3CHttpResponseCodec.decode(W3CHttpResponseCodec.java:138)
at org.openqa.selenium.remote.codec.w3c.W3CHttpResponseCodec.decode(W3CHttpResponseCodec.java:50)
at org.openqa.selenium.remote.HttpCommandExecutor.execute(HttpCommandExecutor.java:215)
at org.openqa.selenium.remote.service.DriverCommandExecutor.invokeExecute(DriverCommandExecutor.java:216)
at org.openqa.selenium.remote.service.DriverCommandExecutor.execute(DriverCommandExecutor.java:174)
at org.openqa.selenium.remote.RemoteWebDriver.execute(RemoteWebDriver.java:544)
at org.openqa.selenium.remote.ElementLocation$ElementFinder$2.findElement(ElementLocation.java:165)
at org.openqa.selenium.remote.ElementLocation.findElement(ElementLocation.java:59)
at org.openqa.selenium.remote.RemoteWebDriver.findElement(RemoteWebDriver.java:367)
at org.openqa.selenium.remote.RemoteWebDriver.findElement(RemoteWebDriver.java:361)
at org.openqa.selenium.support.pagefactory.DefaultElementLocator.findElement(DefaultElementLocator.java:68)
at org.openqa.selenium.support.pagefactory.internal.LocatingElementHandler.invoke(LocatingElementHandler.java:38)
at jdk.proxy2/jdk.proxy2.$Proxy9.getWrappedElement(Unknown Source)
at org.openqa.selenium.interactions.PointerInput$Origin.asArg(PointerInput.java:262)
at org.openqa.selenium.interactions.PointerInput$Move.encode(PointerInput.java:211)
at org.openqa.selenium.interactions.Sequence.encode(Sequence.java:74)
at org.openqa.selenium.interactions.Sequence.toJson(Sequence.java:83)
at java.base/jdk.internal.reflect.DirectMethodHandleAccessor.invoke(DirectMethodHandleAccessor.java:103)
... 65 more
]]>
            </full-stacktrace>
          </exception> <!-- org.openqa.selenium.json.JsonException -->
          <reporter-output>
          </reporter-output>
        </test-method> <!-- withValidCredentials -->
        <test-method is-config="true" signature="quitBrowser()[pri:0, instance:packagename.SampleMavenProject.TestCase1_HomePage@4f6ee6e4]" started-at="2026-01-28T15:18:18 IST" name="quitBrowser" finished-at="2026-01-28T15:18:18 IST" duration-ms="323" status="PASS">
          <reporter-output>
          </reporter-output>
        </test-method> <!-- quitBrowser -->
      </class> <!-- packagename.SampleMavenProject.TestCase1_HomePage -->
      <class name="packagename.SampleMavenProject.TestCase3_ClickOnnSearchResult">
        <test-method is-config="true" signature="launchBrowser()[pri:0, instance:packagename.SampleMavenProject.TestCase3_ClickOnnSearchResult@a514af7]" started-at="2026-01-28T15:18:23 IST" name="launchBrowser" finished-at="2026-01-28T15:18:27 IST" duration-ms="4337" status="PASS">
          <reporter-output>
          </reporter-output>
        </test-method> <!-- launchBrowser -->
        <test-method signature="ClickOnResultProduct()[pri:0, instance:packagename.SampleMavenProject.TestCase3_ClickOnnSearchResult@a514af7]" started-at="2026-01-28T15:18:27 IST" name="ClickOnResultProduct" finished-at="2026-01-28T15:18:27 IST" duration-ms="48" status="FAIL">
          <exception class="org.openqa.selenium.json.JsonException">
            <message>
              <![CDATA[java.lang.reflect.InvocationTargetException
Build info: version: '4.33.0', revision: '2c6aaad03a'
System info: os.name: 'Windows 11', os.arch: 'amd64', os.version: '10.0', java.version: '21.0.7'
Driver info: org.openqa.selenium.chrome.ChromeDriver
Command: [28633f4d355b642b248dc3943b86c4c4, actions {actions=[org.openqa.selenium.interactions.Sequence@b93aad]}]
Capabilities {acceptInsecureCerts: false, browserName: chrome, browserVersion: 144.0.7559.97, chrome: {chromedriverVersion: 144.0.7559.109 (6a8d5e49388..., userDataDir: C:\Users\sujit\AppData\Loca...}, fedcm:accounts: true, goog:chromeOptions: {debuggerAddress: localhost:61950}, goog:processID: 17284, networkConnectionEnabled: false, pageLoadStrategy: normal, platformName: windows, proxy: Proxy(), se:cdp: ws://localhost:61950/devtoo..., se:cdpVersion: 144.0.7559.97, setWindowRect: true, strictFileInteractability: false, timeouts: {implicit: 0, pageLoad: 300000, script: 30000}, unhandledPromptBehavior: dismiss and notify, webauthn:extension:credBlob: true, webauthn:extension:largeBlob: true, webauthn:extension:minPinLength: true, webauthn:extension:prf: true, webauthn:virtualAuthenticators: true}
Session ID: 28633f4d355b642b248dc3943b86c4c4]]>
            </message>
            <full-stacktrace>
              <![CDATA[org.openqa.selenium.json.JsonException: java.lang.reflect.InvocationTargetException
Build info: version: '4.33.0', revision: '2c6aaad03a'
System info: os.name: 'Windows 11', os.arch: 'amd64', os.version: '10.0', java.version: '21.0.7'
Driver info: org.openqa.selenium.chrome.ChromeDriver
Command: [28633f4d355b642b248dc3943b86c4c4, actions {actions=[org.openqa.selenium.interactions.Sequence@b93aad]}]
Capabilities {acceptInsecureCerts: false, browserName: chrome, browserVersion: 144.0.7559.97, chrome: {chromedriverVersion: 144.0.7559.109 (6a8d5e49388..., userDataDir: C:\Users\sujit\AppData\Loca...}, fedcm:accounts: true, goog:chromeOptions: {debuggerAddress: localhost:61950}, goog:processID: 17284, networkConnectionEnabled: false, pageLoadStrategy: normal, platformName: windows, proxy: Proxy(), se:cdp: ws://localhost:61950/devtoo..., se:cdpVersion: 144.0.7559.97, setWindowRect: true, strictFileInteractability: false, timeouts: {implicit: 0, pageLoad: 300000, script: 30000}, unhandledPromptBehavior: dismiss and notify, webauthn:extension:credBlob: true, webauthn:extension:largeBlob: true, webauthn:extension:minPinLength: true, webauthn:extension:prf: true, webauthn:virtualAuthenticators: true}
Session ID: 28633f4d355b642b248dc3943b86c4c4
at org.openqa.selenium.json.JsonOutput.convertUsingMethod(JsonOutput.java:520)
at org.openqa.selenium.json.JsonOutput.lambda$new$16(JsonOutput.java:182)
at org.openqa.selenium.json.JsonOutput.write0(JsonOutput.java:409)
at org.openqa.selenium.json.JsonOutput.lambda$new$22(JsonOutput.java:204)
at java.base/java.util.stream.ForEachOps$ForEachOp$OfRef.accept(ForEachOps.java:184)
at java.base/java.util.stream.ReferencePipeline$2$1.accept(ReferencePipeline.java:179)
at java.base/java.util.Iterator.forEachRemaining(Iterator.java:133)
at java.base/java.util.Spliterators$IteratorSpliterator.forEachRemaining(Spliterators.java:1939)
at java.base/java.util.stream.AbstractPipeline.copyInto(AbstractPipeline.java:509)
at java.base/java.util.stream.AbstractPipeline.wrapAndCopyInto(AbstractPipeline.java:499)
at java.base/java.util.stream.ForEachOps$ForEachOp.evaluateSequential(ForEachOps.java:151)
at java.base/java.util.stream.ForEachOps$ForEachOp$OfRef.evaluateSequential(ForEachOps.java:174)
at java.base/java.util.stream.AbstractPipeline.evaluate(AbstractPipeline.java:234)
at java.base/java.util.stream.ReferencePipeline.forEach(ReferencePipeline.java:596)
at org.openqa.selenium.json.JsonOutput.lambda$new$23(JsonOutput.java:204)
at org.openqa.selenium.json.JsonOutput.write0(JsonOutput.java:409)
at org.openqa.selenium.json.JsonOutput.lambda$new$24(JsonOutput.java:222)
at java.base/java.util.Map.forEach(Map.java:733)
at org.openqa.selenium.json.JsonOutput.lambda$new$25(JsonOutput.java:217)
at org.openqa.selenium.json.JsonOutput.write0(JsonOutput.java:409)
at org.openqa.selenium.json.JsonOutput.write(JsonOutput.java:400)
at org.openqa.selenium.json.Json.toJson(Json.java:133)
at org.openqa.selenium.json.Json.toJson(Json.java:119)
at org.openqa.selenium.remote.codec.AbstractHttpCommandCodec.encode(AbstractHttpCommandCodec.java:236)
at org.openqa.selenium.remote.codec.AbstractHttpCommandCodec.encode(AbstractHttpCommandCodec.java:109)
at org.openqa.selenium.remote.HttpCommandExecutor.execute(HttpCommandExecutor.java:203)
at org.openqa.selenium.remote.service.DriverCommandExecutor.invokeExecute(DriverCommandExecutor.java:216)
at org.openqa.selenium.remote.service.DriverCommandExecutor.execute(DriverCommandExecutor.java:174)
at org.openqa.selenium.remote.RemoteWebDriver.execute(RemoteWebDriver.java:544)
at org.openqa.selenium.remote.RemoteWebDriver.perform(RemoteWebDriver.java:630)
at org.openqa.selenium.interactions.Actions$BuiltAction.perform(Actions.java:616)
at org.openqa.selenium.interactions.Actions.perform(Actions.java:581)
at packagename.SampleMavenProject.HomePage.hoverOverAccountAndList(HomePage.java:25)
at packagename.SampleMavenProject.TestCase3_ClickOnnSearchResult.ClickOnResultProduct(TestCase3_ClickOnnSearchResult.java:12)
at java.base/jdk.internal.reflect.DirectMethodHandleAccessor.invoke(DirectMethodHandleAccessor.java:103)
at java.base/java.lang.reflect.Method.invoke(Method.java:580)
at org.testng.internal.invokers.MethodInvocationHelper.invokeMethod(MethodInvocationHelper.java:141)
at org.testng.internal.invokers.TestInvoker.invokeMethod(TestInvoker.java:686)
at org.testng.internal.invokers.TestInvoker.invokeTestMethod(TestInvoker.java:230)
at org.testng.internal.invokers.MethodRunner.runInSequence(MethodRunner.java:63)
at org.testng.internal.invokers.TestInvoker$MethodInvocationAgent.invoke(TestInvoker.java:992)
at org.testng.internal.invokers.TestInvoker.invokeTestMethods(TestInvoker.java:203)
at org.testng.internal.invokers.TestMethodWorker.invokeTestMethods(TestMethodWorker.java:154)
at org.testng.internal.invokers.TestMethodWorker.run(TestMethodWorker.java:134)
at java.base/java.util.ArrayList.forEach(ArrayList.java:1596)
at org.testng.TestRunner.privateRun(TestRunner.java:739)
at org.testng.TestRunner.run(TestRunner.java:614)
at org.testng.SuiteRunner.runTest(SuiteRunner.java:421)
at org.testng.SuiteRunner.runSequentially(SuiteRunner.java:413)
at org.testng.SuiteRunner.privateRun(SuiteRunner.java:373)
at org.testng.SuiteRunner.run(SuiteRunner.java:312)
at org.testng.SuiteRunnerWorker.runSuite(SuiteRunnerWorker.java:52)
at org.testng.SuiteRunnerWorker.run(SuiteRunnerWorker.java:95)
at org.testng.TestNG.runSuitesSequentially(TestNG.java:1274)
at org.testng.TestNG.runSuitesLocally(TestNG.java:1208)
at org.testng.TestNG.runSuites(TestNG.java:1112)
at org.testng.TestNG.run(TestNG.java:1079)
at org.apache.maven.surefire.testng.TestNGExecutor.run(TestNGExecutor.java:308)
at org.apache.maven.surefire.testng.TestNGXmlTestSuite.execute(TestNGXmlTestSuite.java:71)
at org.apache.maven.surefire.testng.TestNGProvider.invoke(TestNGProvider.java:113)
at org.apache.maven.surefire.booter.ForkedBooter.runSuitesInProcess(ForkedBooter.java:385)
at org.apache.maven.surefire.booter.ForkedBooter.execute(ForkedBooter.java:162)
at org.apache.maven.surefire.booter.ForkedBooter.run(ForkedBooter.java:507)
at org.apache.maven.surefire.booter.ForkedBooter.main(ForkedBooter.java:495)
Suppressed: org.openqa.selenium.json.JsonException: Attempting to close incomplete json stream
Build info: version: '4.33.0', revision: '2c6aaad03a'
System info: os.name: 'Windows 11', os.arch: 'amd64', os.version: '10.0', java.version: '21.0.7'
Driver info: driver.version: RemoteWebDriver
at org.openqa.selenium.json.JsonOutput.close(JsonOutput.java:431)
at org.openqa.selenium.json.Json.toJson(Json.java:131)
... 42 more
Caused by: java.lang.reflect.InvocationTargetException
at java.base/jdk.internal.reflect.DirectMethodHandleAccessor.invoke(DirectMethodHandleAccessor.java:118)
at java.base/java.lang.reflect.Method.invoke(Method.java:580)
at org.openqa.selenium.json.JsonOutput.convertUsingMethod(JsonOutput.java:516)
... 63 more
Caused by: org.openqa.selenium.NoSuchElementException: no such element: Unable to locate element: {"method":"xpath","selector":"//span[@class='nav-line-2 ']"}
  (Session info: chrome=144.0.7559.97)
For documentation on this error, please visit: https://www.selenium.dev/documentation/webdriver/troubleshooting/errors#no-such-element-exception
Build info: version: '4.33.0', revision: '2c6aaad03a'
System info: os.name: 'Windows 11', os.arch: 'amd64', os.version: '10.0', java.version: '21.0.7'
Driver info: org.openqa.selenium.chrome.ChromeDriver
Command: [28633f4d355b642b248dc3943b86c4c4, findElement {using=xpath, value=//span[@class='nav-line-2 ']}]
Capabilities {acceptInsecureCerts: false, browserName: chrome, browserVersion: 144.0.7559.97, chrome: {chromedriverVersion: 144.0.7559.109 (6a8d5e49388..., userDataDir: C:\Users\sujit\AppData\Loca...}, fedcm:accounts: true, goog:chromeOptions: {debuggerAddress: localhost:61950}, goog:processID: 17284, networkConnectionEnabled: false, pageLoadStrategy: normal, platformName: windows, proxy: Proxy(), se:cdp: ws://localhost:61950/devtoo..., se:cdpVersion: 144.0.7559.97, setWindowRect: true, strictFileInteractability: false, timeouts: {implicit: 0, pageLoad: 300000, script: 30000}, unhandledPromptBehavior: dismiss and notify, webauthn:extension:credBlob: true, webauthn:extension:largeBlob: true, webauthn:extension:minPinLength: true, webauthn:extension:prf: true, webauthn:virtualAuthenticators: true}
Session ID: 28633f4d355b642b248dc3943b86c4c4
at java.base/jdk.internal.reflect.DirectConstructorHandleAccessor.newInstance(DirectConstructorHandleAccessor.java:62)
at java.base/java.lang.reflect.Constructor.newInstanceWithCaller(Constructor.java:502)
at java.base/java.lang.reflect.Constructor.newInstance(Constructor.java:486)
at org.openqa.selenium.remote.ErrorCodec.decode(ErrorCodec.java:167)
at org.openqa.selenium.remote.codec.w3c.W3CHttpResponseCodec.decode(W3CHttpResponseCodec.java:138)
at org.openqa.selenium.remote.codec.w3c.W3CHttpResponseCodec.decode(W3CHttpResponseCodec.java:50)
at org.openqa.selenium.remote.HttpCommandExecutor.execute(HttpCommandExecutor.java:215)
at org.openqa.selenium.remote.service.DriverCommandExecutor.invokeExecute(DriverCommandExecutor.java:216)
at org.openqa.selenium.remote.service.DriverCommandExecutor.execute(DriverCommandExecutor.java:174)
at org.openqa.selenium.remote.RemoteWebDriver.execute(RemoteWebDriver.java:544)
at org.openqa.selenium.remote.ElementLocation$ElementFinder$2.findElement(ElementLocation.java:165)
at org.openqa.selenium.remote.ElementLocation.findElement(ElementLocation.java:59)
at org.openqa.selenium.remote.RemoteWebDriver.findElement(RemoteWebDriver.java:367)
at org.openqa.selenium.remote.RemoteWebDriver.findElement(RemoteWebDriver.java:361)
at org.openqa.selenium.support.pagefactory.DefaultElementLocator.findElement(DefaultElementLocator.java:68)
at org.openqa.selenium.support.pagefactory.internal.LocatingElementHandler.invoke(LocatingElementHandler.java:38)
at jdk.proxy2/jdk.proxy2.$Proxy9.getWrappedElement(Unknown Source)
at org.openqa.selenium.interactions.PointerInput$Origin.asArg(PointerInput.java:262)
at org.openqa.selenium.interactions.PointerInput$Move.encode(PointerInput.java:211)
at org.openqa.selenium.interactions.Sequence.encode(Sequence.java:74)
at org.openqa.selenium.interactions.Sequence.toJson(Sequence.java:83)
at java.base/jdk.internal.reflect.DirectMethodHandleAccessor.invoke(DirectMethodHandleAccessor.java:103)
... 65 more
]]>
            </full-stacktrace>
          </exception> <!-- org.openqa.selenium.json.JsonException -->
          <reporter-output>
          </reporter-output>
        </test-method> <!-- ClickOnResultProduct -->
        <test-method is-config="true" signature="quitBrowser()[pri:0, instance:packagename.SampleMavenProject.TestCase3_ClickOnnSearchResult@a514af7]" started-at="2026-01-28T15:18:27 IST" name="quitBrowser" finished-at="2026-01-28T15:18:27 IST" duration-ms="322" status="PASS">
          <reporter-output>
          </reporter-output>
        </test-method> <!-- quitBrowser -->
      </class> <!-- packagename.SampleMavenProject.TestCase3_ClickOnnSearchResult -->
    </test> <!-- Test -->
  </suite> <!-- Suite -->
</testng-results>
