<?xml version="1.0" encoding="UTF-8"?>
<testng-results ignored="0" total="1" passed="1" failed="0" skipped="0">
  <reporter-output>
  </reporter-output>
  <suite started-at="2026-02-03T13:13:25 IST" name="Suite" finished-at="2026-02-03T13:13:44 IST" duration-ms="18908">
    <groups>
    </groups>
    <test started-at="2026-02-03T13:13:25 IST" name="Test" finished-at="2026-02-03T13:13:44 IST" duration-ms="18908">
      <class name="packagename.SampleMavenProject.TestCase5_SearchProductWithoutLogin">
        <test-method is-config="true" signature="launchBrowser()[pri:0, instance:packagename.SampleMavenProject.TestCase5_SearchProductWithoutLogin@36fc695d]" started-at="2026-02-03T13:13:25 IST" name="launchBrowser" finished-at="2026-02-03T13:13:37 IST" duration-ms="12185" status="PASS">
          <reporter-output>
          </reporter-output>
        </test-method> <!-- launchBrowser -->
        <test-method signature="searchProductWithoutLogin()[pri:0, instance:packagename.SampleMavenProject.TestCase5_SearchProductWithoutLogin@36fc695d]" started-at="2026-02-03T13:13:37 IST" name="searchProductWithoutLogin" finished-at="2026-02-03T13:13:44 IST" duration-ms="6183" status="PASS">
          <reporter-output>
          </reporter-output>
        </test-method> <!-- searchProductWithoutLogin -->
        <test-method is-config="true" signature="quitBrowser()[pri:0, instance:packagename.SampleMavenProject.TestCase5_SearchProductWithoutLogin@36fc695d]" started-at="2026-02-03T13:13:44 IST" name="quitBrowser" finished-at="2026-02-03T13:13:44 IST" duration-ms="459" status="PASS">
          <reporter-output>
          </reporter-output>
        </test-method> <!-- quitBrowser -->
      </class> <!-- packagename.SampleMavenProject.TestCase5_SearchProductWithoutLogin -->
    </test> <!-- Test -->
  </suite> <!-- Suite -->
</testng-results>
