<?xml version="1.0" encoding="UTF-8"?>
<!-- Generated by org.testng.reporters.JUnitReportReporter -->
<testsuite hostname="home_laptop" failures="0" tests="1" name="packagename.SampleMavenProject.TestCase5_SearchProductWithoutLogin" time="14.733" errors="0" timestamp="2026-01-28T15:18:32 IST" skipped="0">
  <testcase classname="packagename.SampleMavenProject.TestCase5_SearchProductWithoutLogin" name="searchProductWithoutLogin" time="14.733"/>
</testsuite> <!-- packagename.SampleMavenProject.TestCase5_SearchProductWithoutLogin -->
